[NX v21.6.11 Daemon Server] - 2026-05-24T11:15:55.795Z - Started listening on: \\.\pipe\nx\C:\Users\blubs\AppData\Local\Temp\18890165ca4e8c9aba3c\d.sock
[NX v21.6.11 Daemon Server] - 2026-05-24T11:15:55.799Z - [WATCHER]: Subscribed to changes within: E:\www\projet creat projet 2026-01\--projets--\THI-V01-child-user3 (native)
[NX v21.6.11 Daemon Server] - 2026-05-24T11:15:55.810Z - Established a connection. Number of open connections: 1
[NX v21.6.11 Daemon Server] - 2026-05-24T11:15:55.812Z - Closed a connection. Number of open connections: 0
[NX v21.6.11 Daemon Server] - 2026-05-24T11:15:55.813Z - Established a connection. Number of open connections: 1
[NX v21.6.11 Daemon Server] - 2026-05-24T11:15:55.815Z - [REQUEST]: Client Request for Project Graph Received
Time for 'plugin worker 58564 code loading' 9.282799999999998
Time for 'plugin worker 58924 code loading' 7.083100000000002
Time for 'plugin worker 3016 code loading' 7.330099999999998
Time for 'plugin worker 1348 code loading' 6.7722000000000016
[NX v21.6.11 Daemon Server] - 2026-05-24T11:15:56.235Z - Time taken for 'Load Nx Plugin: E:\www\projet creat projet 2026-01\--projets--\THI-V01-child-user3\node_modules\nx\src\plugins\project-json\build-nodes\project-json' 401.9202ms
[NX v21.6.11 Daemon Server] - 2026-05-24T11:15:56.240Z - Time taken for 'Load Nx Plugin: E:\www\projet creat projet 2026-01\--projets--\THI-V01-child-user3\node_modules\nx\src\plugins\package-json' 407.41240000000005ms
[NX v21.6.11 Daemon Server] - 2026-05-24T11:15:56.281Z - Time taken for 'loadDefaultNxPlugins' 449.58840000000004ms
[NX v21.6.11 Daemon Server] - 2026-05-24T11:15:56.527Z - [REQUEST]: Updated workspace context based on watched changes, recomputing project graph...
[NX v21.6.11 Daemon Server] - 2026-05-24T11:15:56.527Z - [REQUEST]: 
[NX v21.6.11 Daemon Server] - 2026-05-24T11:15:56.527Z - [REQUEST]: 
[NX v21.6.11 Daemon Server] - 2026-05-24T11:15:56.531Z - No files changed, but no in-memory cached project graph found. Recomputing it...
Time for 'nx/js/dependencies-and-lockfile:createNodes' 0.3328000000000202
[NX v21.6.11 Daemon Server] - 2026-05-24T11:15:56.540Z - Time taken for 'loadSpecifiedNxPlugins' 695.4143999999999ms
[NX v21.6.11 Daemon Server] - 2026-05-24T11:15:56.544Z - Established a connection. Number of open connections: 2
[NX v21.6.11 Daemon Server] - 2026-05-24T11:15:56.545Z - Closed a connection. Number of open connections: 1
Time for 'nx/core/project-json:createNodes' 2.757400000000075
Time for 'nx/core/package-json:createNodes' 6.08299999999997
[NX v21.6.11 Daemon Server] - 2026-05-24T11:15:56.547Z - Established a connection. Number of open connections: 2
[NX v21.6.11 Daemon Server] - 2026-05-24T11:15:56.550Z - [REQUEST]: Responding to the client. handleHashGlob
[NX v21.6.11 Daemon Server] - 2026-05-24T11:15:56.551Z - Done responding to the client handleHashGlob
[NX v21.6.11 Daemon Server] - 2026-05-24T11:15:56.551Z - Handled HASH_GLOB. Handling time: 1. Response time: 1.
Time for '@nx/angular/plugin:createNodes' 20.051400000000058
Time for 'total for sendMessageToDaemon()' 3.801499999999919
Time for 'deserialize daemon response' 0.0363999999999578
[NX v21.6.11 Daemon Server] - 2026-05-24T11:15:56.591Z - Time taken for 'build-project-configs' 35.96350000000007ms
Time for 'build typescript dependencies' 914.8334000000001
[NX v21.6.11 Daemon Server] - 2026-05-24T11:15:57.511Z - [SYNC]: collect registered sync generators
[NX v21.6.11 Daemon Server] - 2026-05-24T11:15:57.525Z - Wrote project graph cache to E:\www\projet creat projet 2026-01\--projets--\THI-V01-child-user3\.nx\workspace-data\project-graph.json
[NX v21.6.11 Daemon Server] - 2026-05-24T11:15:57.525Z - [REQUEST]: Responding to the client. project-graph
[NX v21.6.11 Daemon Server] - 2026-05-24T11:15:57.526Z - Time taken for 'total for creating and serializing project graph' 1710.6834999999999ms
[NX v21.6.11 Daemon Server] - 2026-05-24T11:15:57.526Z - Done responding to the client project-graph
[NX v21.6.11 Daemon Server] - 2026-05-24T11:15:57.526Z - Handled REQUEST_PROJECT_GRAPH. Handling time: 1711. Response time: 1.
[NX v21.6.11 Daemon Server] - 2026-05-24T11:15:57.672Z - Closed a connection. Number of open connections: 1
[NX v21.6.11 Daemon Server] - 2026-05-24T11:16:06.571Z - Established a connection. Number of open connections: 2
[NX v21.6.11 Daemon Server] - 2026-05-24T11:16:06.572Z - Closed a connection. Number of open connections: 1
[NX v21.6.11 Daemon Server] - 2026-05-24T11:16:06.573Z - Established a connection. Number of open connections: 2
[NX v21.6.11 Daemon Server] - 2026-05-24T11:16:06.576Z - [REQUEST]: Client Request for Project Graph Received
[NX v21.6.11 Daemon Server] - 2026-05-24T11:16:06.577Z - Reusing in-memory cached project graph because no files changed.
[NX v21.6.11 Daemon Server] - 2026-05-24T11:16:06.588Z - Wrote project graph cache to E:\www\projet creat projet 2026-01\--projets--\THI-V01-child-user3\.nx\workspace-data\project-graph.json
[NX v21.6.11 Daemon Server] - 2026-05-24T11:16:06.589Z - [REQUEST]: Responding to the client. project-graph
[NX v21.6.11 Daemon Server] - 2026-05-24T11:16:06.589Z - Time taken for 'total for creating and serializing project graph' 12.320400000000518ms
[NX v21.6.11 Daemon Server] - 2026-05-24T11:16:06.589Z - Done responding to the client project-graph
[NX v21.6.11 Daemon Server] - 2026-05-24T11:16:06.589Z - Handled REQUEST_PROJECT_GRAPH. Handling time: 13. Response time: 0.
[NX v21.6.11 Daemon Server] - 2026-05-24T11:16:10.383Z - [REQUEST]: Client Request for Project Graph Received
[NX v21.6.11 Daemon Server] - 2026-05-24T11:16:10.384Z - Reusing in-memory cached project graph because no files changed.
[NX v21.6.11 Daemon Server] - 2026-05-24T11:16:10.398Z - Wrote project graph cache to E:\www\projet creat projet 2026-01\--projets--\THI-V01-child-user3\.nx\workspace-data\project-graph.json
[NX v21.6.11 Daemon Server] - 2026-05-24T11:16:10.399Z - [REQUEST]: Responding to the client. project-graph
[NX v21.6.11 Daemon Server] - 2026-05-24T11:16:10.399Z - Time taken for 'total for creating and serializing project graph' 15.149400000000242ms
[NX v21.6.11 Daemon Server] - 2026-05-24T11:16:10.399Z - Done responding to the client project-graph
[NX v21.6.11 Daemon Server] - 2026-05-24T11:16:10.399Z - Handled REQUEST_PROJECT_GRAPH. Handling time: 15. Response time: 1.
[NX v21.6.11 Daemon Server] - 2026-05-24T11:16:10.447Z - [REQUEST]: Client Request for Project Graph Received
[NX v21.6.11 Daemon Server] - 2026-05-24T11:16:10.447Z - Reusing in-memory cached project graph because no files changed.
[NX v21.6.11 Daemon Server] - 2026-05-24T11:16:10.459Z - Wrote project graph cache to E:\www\projet creat projet 2026-01\--projets--\THI-V01-child-user3\.nx\workspace-data\project-graph.json
[NX v21.6.11 Daemon Server] - 2026-05-24T11:16:10.459Z - [REQUEST]: Responding to the client. project-graph
[NX v21.6.11 Daemon Server] - 2026-05-24T11:16:10.459Z - Time taken for 'total for creating and serializing project graph' 11.931699999999182ms
[NX v21.6.11 Daemon Server] - 2026-05-24T11:16:10.460Z - Done responding to the client project-graph
[NX v21.6.11 Daemon Server] - 2026-05-24T11:16:10.460Z - Handled REQUEST_PROJECT_GRAPH. Handling time: 12. Response time: 1.
[NX v21.6.11 Daemon Server] - 2026-05-24T11:16:11.341Z - [WATCHER]: Processing file changes in outputs
[NX v21.6.11 Daemon Server] - 2026-05-24T11:16:11.346Z - [WATCHER]: 0 file(s) created or restored, 23 file(s) modified, 0 file(s) deleted
[NX v21.6.11 Daemon Server] - 2026-05-24T11:16:11.351Z - Closed a connection. Number of open connections: 1
[NX v21.6.11 Daemon Server] - 2026-05-24T11:16:11.352Z - Closed a connection. Number of open connections: 0
[NX v21.6.11 Daemon Server] - 2026-05-24T11:16:11.352Z - [WATCHER]: Stopping the watcher for E:\www\projet creat projet 2026-01\--projets--\THI-V01-child-user3 (sources)
[NX v21.6.11 Daemon Server] - 2026-05-24T11:16:11.352Z - [WATCHER]: Stopping the watcher for E:\www\projet creat projet 2026-01\--projets--\THI-V01-child-user3 (outputs)
[NX v21.6.11 Daemon Server] - 2026-05-24T11:16:11.354Z - Server stopped because: "Stopping the daemon the set of ignored files changed (native)"
[NX v21.6.11 Daemon Server] - 2026-05-24T11:16:59.800Z - Started listening on: \\.\pipe\nx\C:\Users\blubs\AppData\Local\Temp\18890165ca4e8c9aba3c\d.sock
[NX v21.6.11 Daemon Server] - 2026-05-24T11:16:59.804Z - [WATCHER]: Subscribed to changes within: E:\www\projet creat projet 2026-01\--projets--\THI-V01-child-user3 (native)
[NX v21.6.11 Daemon Server] - 2026-05-24T11:16:59.806Z - Established a connection. Number of open connections: 1
[NX v21.6.11 Daemon Server] - 2026-05-24T11:16:59.807Z - Established a connection. Number of open connections: 2
[NX v21.6.11 Daemon Server] - 2026-05-24T11:16:59.809Z - Closed a connection. Number of open connections: 1
[NX v21.6.11 Daemon Server] - 2026-05-24T11:16:59.811Z - [REQUEST]: Client Request for Project Graph Received
Time for 'plugin worker 40468 code loading' 8.5644
Time for 'plugin worker 8604 code loading' 6.898399999999999
Time for 'plugin worker 60496 code loading' 6.142099999999999
Time for 'plugin worker 45444 code loading' 7.658100000000001
[NX v21.6.11 Daemon Server] - 2026-05-24T11:17:00.242Z - Time taken for 'Load Nx Plugin: E:\www\projet creat projet 2026-01\--projets--\THI-V01-child-user3\node_modules\nx\src\plugins\project-json\build-nodes\project-json' 426.0493ms
[NX v21.6.11 Daemon Server] - 2026-05-24T11:17:00.246Z - Time taken for 'Load Nx Plugin: E:\www\projet creat projet 2026-01\--projets--\THI-V01-child-user3\node_modules\nx\src\plugins\package-json' 431.2146ms
[NX v21.6.11 Daemon Server] - 2026-05-24T11:17:00.288Z - Time taken for 'loadDefaultNxPlugins' 474.04620000000006ms
[NX v21.6.11 Daemon Server] - 2026-05-24T11:17:00.546Z - [REQUEST]: Updated workspace context based on watched changes, recomputing project graph...
[NX v21.6.11 Daemon Server] - 2026-05-24T11:17:00.546Z - [REQUEST]: 
[NX v21.6.11 Daemon Server] - 2026-05-24T11:17:00.546Z - [REQUEST]: 
[NX v21.6.11 Daemon Server] - 2026-05-24T11:17:00.549Z - No files changed, but no in-memory cached project graph found. Recomputing it...
Time for 'nx/js/dependencies-and-lockfile:createNodes' 0.6877999999999247
[NX v21.6.11 Daemon Server] - 2026-05-24T11:17:00.558Z - Time taken for 'loadSpecifiedNxPlugins' 731.9898999999999ms
[NX v21.6.11 Daemon Server] - 2026-05-24T11:17:00.560Z - Established a connection. Number of open connections: 2
Time for 'nx/core/project-json:createNodes' 2.075800000000072
[NX v21.6.11 Daemon Server] - 2026-05-24T11:17:00.561Z - Closed a connection. Number of open connections: 1
Time for 'nx/core/package-json:createNodes' 3.7373000000000047
[NX v21.6.11 Daemon Server] - 2026-05-24T11:17:00.562Z - Established a connection. Number of open connections: 2
[NX v21.6.11 Daemon Server] - 2026-05-24T11:17:00.566Z - [REQUEST]: Responding to the client. handleHashGlob
[NX v21.6.11 Daemon Server] - 2026-05-24T11:17:00.568Z - Done responding to the client handleHashGlob
[NX v21.6.11 Daemon Server] - 2026-05-24T11:17:00.568Z - Handled HASH_GLOB. Handling time: 2. Response time: 2.
Time for '@nx/angular/plugin:createNodes' 15.955400000000054
Time for 'total for sendMessageToDaemon()' 4.883800000000065
Time for 'deserialize daemon response' 0.07159999999998945
[NX v21.6.11 Daemon Server] - 2026-05-24T11:17:00.623Z - Time taken for 'build-project-configs' 40.175700000000006ms
Time for 'build typescript dependencies' 277.4435000000001
[NX v21.6.11 Daemon Server] - 2026-05-24T11:17:00.903Z - [SYNC]: collect registered sync generators
[NX v21.6.11 Daemon Server] - 2026-05-24T11:17:00.915Z - Wrote project graph cache to E:\www\projet creat projet 2026-01\--projets--\THI-V01-child-user3\.nx\workspace-data\project-graph.json
[NX v21.6.11 Daemon Server] - 2026-05-24T11:17:00.916Z - [REQUEST]: Responding to the client. project-graph
[NX v21.6.11 Daemon Server] - 2026-05-24T11:17:00.916Z - Time taken for 'total for creating and serializing project graph' 1105.2442ms
[NX v21.6.11 Daemon Server] - 2026-05-24T11:17:00.916Z - Done responding to the client project-graph
[NX v21.6.11 Daemon Server] - 2026-05-24T11:17:00.916Z - Handled REQUEST_PROJECT_GRAPH. Handling time: 1106. Response time: 0.
[NX v21.6.11 Daemon Server] - 2026-05-24T11:17:01.651Z - [REQUEST]: Client Request for Project Graph Received
[NX v21.6.11 Daemon Server] - 2026-05-24T11:17:01.652Z - Reusing in-memory cached project graph because no files changed.
[NX v21.6.11 Daemon Server] - 2026-05-24T11:17:01.665Z - Wrote project graph cache to E:\www\projet creat projet 2026-01\--projets--\THI-V01-child-user3\.nx\workspace-data\project-graph.json
[NX v21.6.11 Daemon Server] - 2026-05-24T11:17:01.666Z - [REQUEST]: Responding to the client. project-graph
[NX v21.6.11 Daemon Server] - 2026-05-24T11:17:01.666Z - Time taken for 'total for creating and serializing project graph' 14.718899999999849ms
[NX v21.6.11 Daemon Server] - 2026-05-24T11:17:01.667Z - Done responding to the client project-graph
[NX v21.6.11 Daemon Server] - 2026-05-24T11:17:01.667Z - Handled REQUEST_PROJECT_GRAPH. Handling time: 15. Response time: 1.
[NX v21.6.11 Daemon Server] - 2026-05-24T11:17:01.781Z - [REQUEST]: Client Request for Project Graph Received
[NX v21.6.11 Daemon Server] - 2026-05-24T11:17:01.781Z - Reusing in-memory cached project graph because no files changed.
[NX v21.6.11 Daemon Server] - 2026-05-24T11:17:01.793Z - Wrote project graph cache to E:\www\projet creat projet 2026-01\--projets--\THI-V01-child-user3\.nx\workspace-data\project-graph.json
[NX v21.6.11 Daemon Server] - 2026-05-24T11:17:01.794Z - [REQUEST]: Responding to the client. project-graph
[NX v21.6.11 Daemon Server] - 2026-05-24T11:17:01.794Z - Time taken for 'total for creating and serializing project graph' 12.585599999999886ms
[NX v21.6.11 Daemon Server] - 2026-05-24T11:17:01.795Z - Done responding to the client project-graph
[NX v21.6.11 Daemon Server] - 2026-05-24T11:17:01.795Z - Handled REQUEST_PROJECT_GRAPH. Handling time: 13. Response time: 1.
[NX v21.6.11 Daemon Server] - 2026-05-24T11:17:01.808Z - [REQUEST]: Client Request for Project Graph Received
[NX v21.6.11 Daemon Server] - 2026-05-24T11:17:01.808Z - Reusing in-memory cached project graph because no files changed.
[NX v21.6.11 Daemon Server] - 2026-05-24T11:17:01.820Z - Wrote project graph cache to E:\www\projet creat projet 2026-01\--projets--\THI-V01-child-user3\.nx\workspace-data\project-graph.json
[NX v21.6.11 Daemon Server] - 2026-05-24T11:17:01.821Z - [REQUEST]: Responding to the client. project-graph
[NX v21.6.11 Daemon Server] - 2026-05-24T11:17:01.821Z - Time taken for 'total for creating and serializing project graph' 12.603799999999865ms
[NX v21.6.11 Daemon Server] - 2026-05-24T11:17:01.822Z - Done responding to the client project-graph
[NX v21.6.11 Daemon Server] - 2026-05-24T11:17:01.822Z - Handled REQUEST_PROJECT_GRAPH. Handling time: 13. Response time: 1.
[NX v21.6.11 Daemon Server] - 2026-05-24T11:17:02.381Z - Closed a connection. Number of open connections: 1
[NX v21.6.11 Daemon Server] - 2026-05-24T11:17:02.419Z - [WATCHER]: Processing file changes in outputs
[NX v21.6.11 Daemon Server] - 2026-05-24T11:17:02.421Z - [WATCHER]: 0 file(s) created or restored, 14 file(s) modified, 0 file(s) deleted
[NX v21.6.11 Daemon Server] - 2026-05-24T11:17:02.531Z - [REQUEST]: Updated workspace context based on watched changes, recomputing project graph...
[NX v21.6.11 Daemon Server] - 2026-05-24T11:17:02.531Z - [REQUEST]: libs/shared/utils/tsconfig.lib.json,libs/shared/utils/src/lib/shared-utils/shared-utils.spec.ts,libs/shared/utils/src/lib/shared-utils/shared-utils.html,libs/shared/utils/eslint.config.mjs,libs/shared/utils/project.json,libs/shared/utils/README.md,tsconfig.base.json,libs/shared/utils/tsconfig.json,libs/shared/utils/src/index.ts,libs/shared/utils/src/test-setup.ts,libs/shared/utils/tsconfig.spec.json,libs/shared/utils/src/lib/shared-utils/shared-utils.ts,libs/shared/utils/src/lib/shared-utils/shared-utils.css,libs/shared/utils/jest.config.ts
[NX v21.6.11 Daemon Server] - 2026-05-24T11:17:02.531Z - [REQUEST]: 
Time for 'nx/js/dependencies-and-lockfile:createNodes' 0.11959999999999127
[NX v21.6.11 Daemon Server] - 2026-05-24T11:17:02.537Z - Time taken for 'hash changed files from watcher' 1.80179999999973ms
Time for 'nx/core/package-json:createNodes' 1.337500000000091
Time for 'nx/core/project-json:createNodes' 1.0468000000000757
[NX v21.6.11 Daemon Server] - 2026-05-24T11:17:02.539Z - [REQUEST]: Responding to the client. handleHashGlob
[NX v21.6.11 Daemon Server] - 2026-05-24T11:17:02.540Z - Done responding to the client handleHashGlob
[NX v21.6.11 Daemon Server] - 2026-05-24T11:17:02.540Z - Handled HASH_GLOB. Handling time: 1. Response time: 1.
Time for '@nx/angular/plugin:createNodes' 5.286999999999807
Time for 'total for sendMessageToDaemon()' 3.1262000000001535
Time for 'deserialize daemon response' 0.02779999999984284
[NX v21.6.11 Daemon Server] - 2026-05-24T11:17:02.549Z - Time taken for 'build-project-configs' 8.110900000000129ms
Time for 'build typescript dependencies' 11.893400000000383
[NX v21.6.11 Daemon Server] - 2026-05-24T11:17:02.564Z - [SYNC]: collect registered sync generators
[NX v21.6.11 Daemon Server] - 2026-05-24T11:17:02.565Z - [SYNC]: nx.json hash is the same, not collecting global sync generators
[NX v21.6.11 Daemon Server] - 2026-05-24T11:17:02.565Z - Time taken for 'total execution time for createProjectGraph()' 18.58580000000029ms
[NX v21.6.11 Daemon Server] - 2026-05-24T11:17:04.704Z - Established a connection. Number of open connections: 2
[NX v21.6.11 Daemon Server] - 2026-05-24T11:17:04.704Z - Closed a connection. Number of open connections: 1
[NX v21.6.11 Daemon Server] - 2026-05-24T11:17:04.706Z - Established a connection. Number of open connections: 2
[NX v21.6.11 Daemon Server] - 2026-05-24T11:17:04.709Z - [REQUEST]: Client Request for Project Graph Received
[NX v21.6.11 Daemon Server] - 2026-05-24T11:17:04.709Z - Reusing in-memory cached project graph because no files changed.
[NX v21.6.11 Daemon Server] - 2026-05-24T11:17:04.721Z - Wrote project graph cache to E:\www\projet creat projet 2026-01\--projets--\THI-V01-child-user3\.nx\workspace-data\project-graph.json
[NX v21.6.11 Daemon Server] - 2026-05-24T11:17:04.721Z - [REQUEST]: Responding to the client. project-graph
[NX v21.6.11 Daemon Server] - 2026-05-24T11:17:04.722Z - Time taken for 'total for creating and serializing project graph' 12.449999999999818ms
[NX v21.6.11 Daemon Server] - 2026-05-24T11:17:04.722Z - Done responding to the client project-graph
[NX v21.6.11 Daemon Server] - 2026-05-24T11:17:04.722Z - Handled REQUEST_PROJECT_GRAPH. Handling time: 12. Response time: 1.
[NX v21.6.11 Daemon Server] - 2026-05-24T11:17:05.372Z - [REQUEST]: Client Request for Project Graph Received
[NX v21.6.11 Daemon Server] - 2026-05-24T11:17:05.372Z - Reusing in-memory cached project graph because no files changed.
[NX v21.6.11 Daemon Server] - 2026-05-24T11:17:05.385Z - Wrote project graph cache to E:\www\projet creat projet 2026-01\--projets--\THI-V01-child-user3\.nx\workspace-data\project-graph.json
[NX v21.6.11 Daemon Server] - 2026-05-24T11:17:05.385Z - [REQUEST]: Responding to the client. project-graph
[NX v21.6.11 Daemon Server] - 2026-05-24T11:17:05.385Z - Time taken for 'total for creating and serializing project graph' 13.245899999999892ms
[NX v21.6.11 Daemon Server] - 2026-05-24T11:17:05.385Z - Done responding to the client project-graph
[NX v21.6.11 Daemon Server] - 2026-05-24T11:17:05.385Z - Handled REQUEST_PROJECT_GRAPH. Handling time: 14. Response time: 0.
[NX v21.6.11 Daemon Server] - 2026-05-24T11:17:05.487Z - [REQUEST]: Client Request for Project Graph Received
[NX v21.6.11 Daemon Server] - 2026-05-24T11:17:05.488Z - Reusing in-memory cached project graph because no files changed.
[NX v21.6.11 Daemon Server] - 2026-05-24T11:17:05.501Z - Wrote project graph cache to E:\www\projet creat projet 2026-01\--projets--\THI-V01-child-user3\.nx\workspace-data\project-graph.json
[NX v21.6.11 Daemon Server] - 2026-05-24T11:17:05.501Z - [REQUEST]: Responding to the client. project-graph
[NX v21.6.11 Daemon Server] - 2026-05-24T11:17:05.501Z - Time taken for 'total for creating and serializing project graph' 14.01760000000013ms
[NX v21.6.11 Daemon Server] - 2026-05-24T11:17:05.501Z - Done responding to the client project-graph
[NX v21.6.11 Daemon Server] - 2026-05-24T11:17:05.501Z - Handled REQUEST_PROJECT_GRAPH. Handling time: 14. Response time: 0.
[NX v21.6.11 Daemon Server] - 2026-05-24T11:17:05.516Z - [REQUEST]: Client Request for Project Graph Received
[NX v21.6.11 Daemon Server] - 2026-05-24T11:17:05.516Z - Reusing in-memory cached project graph because no files changed.
[NX v21.6.11 Daemon Server] - 2026-05-24T11:17:05.529Z - Wrote project graph cache to E:\www\projet creat projet 2026-01\--projets--\THI-V01-child-user3\.nx\workspace-data\project-graph.json
[NX v21.6.11 Daemon Server] - 2026-05-24T11:17:05.529Z - [REQUEST]: Responding to the client. project-graph
[NX v21.6.11 Daemon Server] - 2026-05-24T11:17:05.530Z - Time taken for 'total for creating and serializing project graph' 13.510099999999511ms
[NX v21.6.11 Daemon Server] - 2026-05-24T11:17:05.530Z - Done responding to the client project-graph
[NX v21.6.11 Daemon Server] - 2026-05-24T11:17:05.530Z - Handled REQUEST_PROJECT_GRAPH. Handling time: 13. Response time: 1.
[NX v21.6.11 Daemon Server] - 2026-05-24T11:17:06.027Z - Closed a connection. Number of open connections: 1
[NX v21.6.11 Daemon Server] - 2026-05-24T11:17:06.071Z - [WATCHER]: 0 file(s) created or restored, 14 file(s) modified, 0 file(s) deleted
[NX v21.6.11 Daemon Server] - 2026-05-24T11:17:06.072Z - [WATCHER]: Processing file changes in outputs
[NX v21.6.11 Daemon Server] - 2026-05-24T11:17:06.181Z - [REQUEST]: Updated workspace context based on watched changes, recomputing project graph...
[NX v21.6.11 Daemon Server] - 2026-05-24T11:17:06.181Z - [REQUEST]: libs/portail-core/auth/project.json,libs/portail-core/auth/tsconfig.lib.json,libs/portail-core/auth/tsconfig.json,tsconfig.base.json,libs/portail-core/auth/jest.config.ts,libs/portail-core/auth/src/lib/portail-core-auth/portail-core-auth.html,libs/portail-core/auth/src/lib/portail-core-auth/portail-core-auth.css,libs/portail-core/auth/README.md,libs/portail-core/auth/eslint.config.mjs,libs/portail-core/auth/src/test-setup.ts,libs/portail-core/auth/tsconfig.spec.json,libs/portail-core/auth/src/lib/portail-core-auth/portail-core-auth.ts,libs/portail-core/auth/src/lib/portail-core-auth/portail-core-auth.spec.ts,libs/portail-core/auth/src/index.ts
[NX v21.6.11 Daemon Server] - 2026-05-24T11:17:06.181Z - [REQUEST]: 
Time for 'nx/js/dependencies-and-lockfile:createNodes' 0.16820000000006985
Time for 'nx/core/package-json:createNodes' 1.4068999999999505
Time for 'nx/core/project-json:createNodes' 1.5518000000001848
[NX v21.6.11 Daemon Server] - 2026-05-24T11:17:06.188Z - [REQUEST]: Responding to the client. handleHashGlob
[NX v21.6.11 Daemon Server] - 2026-05-24T11:17:06.188Z - Time taken for 'hash changed files from watcher' 1.5515000000004875ms
[NX v21.6.11 Daemon Server] - 2026-05-24T11:17:06.189Z - Done responding to the client handleHashGlob
[NX v21.6.11 Daemon Server] - 2026-05-24T11:17:06.189Z - Handled HASH_GLOB. Handling time: 1. Response time: 2.
Time for '@nx/angular/plugin:createNodes' 6.0405000000000655
Time for 'total for sendMessageToDaemon()' 3.1716999999998734
Time for 'deserialize daemon response' 0.018500000000130967
[NX v21.6.11 Daemon Server] - 2026-05-24T11:17:06.198Z - Time taken for 'build-project-configs' 7.338500000000749ms
Time for 'build typescript dependencies' 15.597600000000057
[NX v21.6.11 Daemon Server] - 2026-05-24T11:17:06.219Z - [SYNC]: collect registered sync generators
[NX v21.6.11 Daemon Server] - 2026-05-24T11:17:06.221Z - [SYNC]: nx.json hash is the same, not collecting global sync generators
[NX v21.6.11 Daemon Server] - 2026-05-24T11:17:06.221Z - Time taken for 'total execution time for createProjectGraph()' 25.07340000000022ms
[NX v21.6.11 Daemon Server] - 2026-05-24T11:17:13.094Z - Established a connection. Number of open connections: 2
[NX v21.6.11 Daemon Server] - 2026-05-24T11:17:13.095Z - Closed a connection. Number of open connections: 1
[NX v21.6.11 Daemon Server] - 2026-05-24T11:17:13.097Z - Established a connection. Number of open connections: 2
[NX v21.6.11 Daemon Server] - 2026-05-24T11:17:13.102Z - [REQUEST]: Client Request for Project Graph Received
[NX v21.6.11 Daemon Server] - 2026-05-24T11:17:13.102Z - Reusing in-memory cached project graph because no files changed.
[NX v21.6.11 Daemon Server] - 2026-05-24T11:17:13.117Z - Wrote project graph cache to E:\www\projet creat projet 2026-01\--projets--\THI-V01-child-user3\.nx\workspace-data\project-graph.json
[NX v21.6.11 Daemon Server] - 2026-05-24T11:17:13.117Z - [REQUEST]: Responding to the client. project-graph
[NX v21.6.11 Daemon Server] - 2026-05-24T11:17:13.118Z - Time taken for 'total for creating and serializing project graph' 15.75590000000011ms
[NX v21.6.11 Daemon Server] - 2026-05-24T11:17:13.118Z - Done responding to the client project-graph
[NX v21.6.11 Daemon Server] - 2026-05-24T11:17:13.118Z - Handled REQUEST_PROJECT_GRAPH. Handling time: 15. Response time: 1.
[NX v21.6.11 Daemon Server] - 2026-05-24T11:17:13.771Z - [REQUEST]: Client Request for Project Graph Received
[NX v21.6.11 Daemon Server] - 2026-05-24T11:17:13.771Z - Reusing in-memory cached project graph because no files changed.
[NX v21.6.11 Daemon Server] - 2026-05-24T11:17:13.784Z - Wrote project graph cache to E:\www\projet creat projet 2026-01\--projets--\THI-V01-child-user3\.nx\workspace-data\project-graph.json
[NX v21.6.11 Daemon Server] - 2026-05-24T11:17:13.784Z - [REQUEST]: Responding to the client. project-graph
[NX v21.6.11 Daemon Server] - 2026-05-24T11:17:13.785Z - Time taken for 'total for creating and serializing project graph' 13.607200000000375ms
[NX v21.6.11 Daemon Server] - 2026-05-24T11:17:13.785Z - Done responding to the client project-graph
[NX v21.6.11 Daemon Server] - 2026-05-24T11:17:13.785Z - Handled REQUEST_PROJECT_GRAPH. Handling time: 13. Response time: 1.
[NX v21.6.11 Daemon Server] - 2026-05-24T11:17:13.895Z - [REQUEST]: Client Request for Project Graph Received
[NX v21.6.11 Daemon Server] - 2026-05-24T11:17:13.895Z - Reusing in-memory cached project graph because no files changed.
[NX v21.6.11 Daemon Server] - 2026-05-24T11:17:13.907Z - Wrote project graph cache to E:\www\projet creat projet 2026-01\--projets--\THI-V01-child-user3\.nx\workspace-data\project-graph.json
[NX v21.6.11 Daemon Server] - 2026-05-24T11:17:13.907Z - [REQUEST]: Responding to the client. project-graph
[NX v21.6.11 Daemon Server] - 2026-05-24T11:17:13.907Z - Time taken for 'total for creating and serializing project graph' 12.739199999999983ms
[NX v21.6.11 Daemon Server] - 2026-05-24T11:17:13.908Z - Done responding to the client project-graph
[NX v21.6.11 Daemon Server] - 2026-05-24T11:17:13.908Z - Handled REQUEST_PROJECT_GRAPH. Handling time: 13. Response time: 1.
[NX v21.6.11 Daemon Server] - 2026-05-24T11:17:13.923Z - [REQUEST]: Client Request for Project Graph Received
[NX v21.6.11 Daemon Server] - 2026-05-24T11:17:13.924Z - Reusing in-memory cached project graph because no files changed.
[NX v21.6.11 Daemon Server] - 2026-05-24T11:17:13.937Z - Wrote project graph cache to E:\www\projet creat projet 2026-01\--projets--\THI-V01-child-user3\.nx\workspace-data\project-graph.json
[NX v21.6.11 Daemon Server] - 2026-05-24T11:17:13.938Z - [REQUEST]: Responding to the client. project-graph
[NX v21.6.11 Daemon Server] - 2026-05-24T11:17:13.938Z - Time taken for 'total for creating and serializing project graph' 14.344199999999546ms
[NX v21.6.11 Daemon Server] - 2026-05-24T11:17:13.938Z - Done responding to the client project-graph
[NX v21.6.11 Daemon Server] - 2026-05-24T11:17:13.938Z - Handled REQUEST_PROJECT_GRAPH. Handling time: 15. Response time: 0.
[NX v21.6.11 Daemon Server] - 2026-05-24T11:17:14.512Z - Closed a connection. Number of open connections: 1
[NX v21.6.11 Daemon Server] - 2026-05-24T11:17:14.548Z - [WATCHER]: 0 file(s) created or restored, 14 file(s) modified, 0 file(s) deleted
[NX v21.6.11 Daemon Server] - 2026-05-24T11:17:14.550Z - [WATCHER]: Processing file changes in outputs
[NX v21.6.11 Daemon Server] - 2026-05-24T11:17:14.659Z - [REQUEST]: Updated workspace context based on watched changes, recomputing project graph...
[NX v21.6.11 Daemon Server] - 2026-05-24T11:17:14.660Z - [REQUEST]: libs/portail-core/data-access/README.md,libs/portail-core/data-access/src/lib/portail-core-data-access/portail-core-data-access.spec.ts,libs/portail-core/data-access/src/lib/portail-core-data-access/portail-core-data-access.css,libs/portail-core/data-access/src/lib/portail-core-data-access/portail-core-data-access.html,libs/portail-core/data-access/eslint.config.mjs,libs/portail-core/data-access/jest.config.ts,libs/portail-core/data-access/project.json,libs/portail-core/data-access/tsconfig.spec.json,libs/portail-core/data-access/src/lib/portail-core-data-access/portail-core-data-access.ts,tsconfig.base.json,libs/portail-core/data-access/tsconfig.json,libs/portail-core/data-access/src/index.ts,libs/portail-core/data-access/src/test-setup.ts,libs/portail-core/data-access/tsconfig.lib.json
[NX v21.6.11 Daemon Server] - 2026-05-24T11:17:14.660Z - [REQUEST]: 
Time for 'nx/js/dependencies-and-lockfile:createNodes' 0.14530000000013388
[NX v21.6.11 Daemon Server] - 2026-05-24T11:17:14.669Z - [REQUEST]: Responding to the client. handleHashGlob
Time for 'nx/core/package-json:createNodes' 2.251399999999194
[NX v21.6.11 Daemon Server] - 2026-05-24T11:17:14.670Z - Time taken for 'hash changed files from watcher' 3.3500999999996566ms
Time for 'nx/core/project-json:createNodes' 2.289999999999054
[NX v21.6.11 Daemon Server] - 2026-05-24T11:17:14.670Z - Done responding to the client handleHashGlob
[NX v21.6.11 Daemon Server] - 2026-05-24T11:17:14.670Z - Handled HASH_GLOB. Handling time: 1. Response time: 1.
Time for '@nx/angular/plugin:createNodes' 7.477899999999863
Time for 'total for sendMessageToDaemon()' 3.5433000000011816
Time for 'deserialize daemon response' 0.02260000000023865
[NX v21.6.11 Daemon Server] - 2026-05-24T11:17:14.684Z - Time taken for 'build-project-configs' 10.667900000000373ms
Time for 'build typescript dependencies' 22.81919999999991
[NX v21.6.11 Daemon Server] - 2026-05-24T11:17:14.712Z - [SYNC]: collect registered sync generators
[NX v21.6.11 Daemon Server] - 2026-05-24T11:17:14.712Z - [SYNC]: nx.json hash is the same, not collecting global sync generators
[NX v21.6.11 Daemon Server] - 2026-05-24T11:17:14.712Z - Time taken for 'total execution time for createProjectGraph()' 33.36199999999917ms
[NX v21.6.11 Daemon Server] - 2026-05-24T11:17:21.186Z - Established a connection. Number of open connections: 2
[NX v21.6.11 Daemon Server] - 2026-05-24T11:17:21.186Z - Closed a connection. Number of open connections: 1
[NX v21.6.11 Daemon Server] - 2026-05-24T11:17:21.188Z - Established a connection. Number of open connections: 2
[NX v21.6.11 Daemon Server] - 2026-05-24T11:17:21.191Z - [REQUEST]: Client Request for Project Graph Received
[NX v21.6.11 Daemon Server] - 2026-05-24T11:17:21.192Z - Reusing in-memory cached project graph because no files changed.
[NX v21.6.11 Daemon Server] - 2026-05-24T11:17:21.205Z - Wrote project graph cache to E:\www\projet creat projet 2026-01\--projets--\THI-V01-child-user3\.nx\workspace-data\project-graph.json
[NX v21.6.11 Daemon Server] - 2026-05-24T11:17:21.205Z - [REQUEST]: Responding to the client. project-graph
[NX v21.6.11 Daemon Server] - 2026-05-24T11:17:21.205Z - Time taken for 'total for creating and serializing project graph' 13.928800000001502ms
[NX v21.6.11 Daemon Server] - 2026-05-24T11:17:21.206Z - Done responding to the client project-graph
[NX v21.6.11 Daemon Server] - 2026-05-24T11:17:21.206Z - Handled REQUEST_PROJECT_GRAPH. Handling time: 14. Response time: 1.
[NX v21.6.11 Daemon Server] - 2026-05-24T11:17:21.856Z - [REQUEST]: Client Request for Project Graph Received
[NX v21.6.11 Daemon Server] - 2026-05-24T11:17:21.856Z - Reusing in-memory cached project graph because no files changed.
[NX v21.6.11 Daemon Server] - 2026-05-24T11:17:21.871Z - Wrote project graph cache to E:\www\projet creat projet 2026-01\--projets--\THI-V01-child-user3\.nx\workspace-data\project-graph.json
[NX v21.6.11 Daemon Server] - 2026-05-24T11:17:21.871Z - [REQUEST]: Responding to the client. project-graph
[NX v21.6.11 Daemon Server] - 2026-05-24T11:17:21.871Z - Time taken for 'total for creating and serializing project graph' 15.159899999998743ms
[NX v21.6.11 Daemon Server] - 2026-05-24T11:17:21.871Z - Done responding to the client project-graph
[NX v21.6.11 Daemon Server] - 2026-05-24T11:17:21.872Z - Handled REQUEST_PROJECT_GRAPH. Handling time: 15. Response time: 1.
[NX v21.6.11 Daemon Server] - 2026-05-24T11:17:21.912Z - [REQUEST]: Client Request for Project Graph Received
[NX v21.6.11 Daemon Server] - 2026-05-24T11:17:21.913Z - Reusing in-memory cached project graph because no files changed.
[NX v21.6.11 Daemon Server] - 2026-05-24T11:17:21.926Z - Wrote project graph cache to E:\www\projet creat projet 2026-01\--projets--\THI-V01-child-user3\.nx\workspace-data\project-graph.json
[NX v21.6.11 Daemon Server] - 2026-05-24T11:17:21.927Z - [REQUEST]: Responding to the client. project-graph
[NX v21.6.11 Daemon Server] - 2026-05-24T11:17:21.927Z - Time taken for 'total for creating and serializing project graph' 14.203300000001036ms
[NX v21.6.11 Daemon Server] - 2026-05-24T11:17:21.927Z - Done responding to the client project-graph
[NX v21.6.11 Daemon Server] - 2026-05-24T11:17:21.927Z - Handled REQUEST_PROJECT_GRAPH. Handling time: 15. Response time: 0.
[NX v21.6.11 Daemon Server] - 2026-05-24T11:17:22.014Z - [REQUEST]: Client Request for Project Graph Received
[NX v21.6.11 Daemon Server] - 2026-05-24T11:17:22.014Z - Reusing in-memory cached project graph because no files changed.
[NX v21.6.11 Daemon Server] - 2026-05-24T11:17:22.028Z - Wrote project graph cache to E:\www\projet creat projet 2026-01\--projets--\THI-V01-child-user3\.nx\workspace-data\project-graph.json
[NX v21.6.11 Daemon Server] - 2026-05-24T11:17:22.028Z - [REQUEST]: Responding to the client. project-graph
[NX v21.6.11 Daemon Server] - 2026-05-24T11:17:22.028Z - Time taken for 'total for creating and serializing project graph' 14.496100000000297ms
[NX v21.6.11 Daemon Server] - 2026-05-24T11:17:22.029Z - Done responding to the client project-graph
[NX v21.6.11 Daemon Server] - 2026-05-24T11:17:22.029Z - Handled REQUEST_PROJECT_GRAPH. Handling time: 14. Response time: 1.
[NX v21.6.11 Daemon Server] - 2026-05-24T11:17:43.066Z - Established a connection. Number of open connections: 3
[NX v21.6.11 Daemon Server] - 2026-05-24T11:17:43.067Z - Closed a connection. Number of open connections: 2
[NX v21.6.11 Daemon Server] - 2026-05-24T11:17:43.068Z - Established a connection. Number of open connections: 3
[NX v21.6.11 Daemon Server] - 2026-05-24T11:17:43.070Z - [REQUEST]: Client Request for Project Graph Received
[NX v21.6.11 Daemon Server] - 2026-05-24T11:17:43.071Z - Reusing in-memory cached project graph because no files changed.
[NX v21.6.11 Daemon Server] - 2026-05-24T11:17:43.085Z - Wrote project graph cache to E:\www\projet creat projet 2026-01\--projets--\THI-V01-child-user3\.nx\workspace-data\project-graph.json
[NX v21.6.11 Daemon Server] - 2026-05-24T11:17:43.085Z - [REQUEST]: Responding to the client. project-graph
[NX v21.6.11 Daemon Server] - 2026-05-24T11:17:43.086Z - Time taken for 'total for creating and serializing project graph' 15.094899999996414ms
[NX v21.6.11 Daemon Server] - 2026-05-24T11:17:43.086Z - Done responding to the client project-graph
[NX v21.6.11 Daemon Server] - 2026-05-24T11:17:43.086Z - Handled REQUEST_PROJECT_GRAPH. Handling time: 15. Response time: 1.
[NX v21.6.11 Daemon Server] - 2026-05-24T11:17:43.097Z - [REQUEST]: Responding to the client. handleMultiGlob
[NX v21.6.11 Daemon Server] - 2026-05-24T11:17:43.097Z - Done responding to the client handleMultiGlob
[NX v21.6.11 Daemon Server] - 2026-05-24T11:17:43.097Z - Handled MULTI_GLOB. Handling time: 1. Response time: 0.
[NX v21.6.11 Daemon Server] - 2026-05-24T11:17:43.161Z - [REQUEST]: Client Request for Project Graph Received
[NX v21.6.11 Daemon Server] - 2026-05-24T11:17:43.162Z - Reusing in-memory cached project graph because no files changed.
[NX v21.6.11 Daemon Server] - 2026-05-24T11:17:43.175Z - Wrote project graph cache to E:\www\projet creat projet 2026-01\--projets--\THI-V01-child-user3\.nx\workspace-data\project-graph.json
[NX v21.6.11 Daemon Server] - 2026-05-24T11:17:43.175Z - [REQUEST]: Responding to the client. project-graph
[NX v21.6.11 Daemon Server] - 2026-05-24T11:17:43.175Z - Time taken for 'total for creating and serializing project graph' 14.096599999997125ms
[NX v21.6.11 Daemon Server] - 2026-05-24T11:17:43.176Z - Done responding to the client project-graph
[NX v21.6.11 Daemon Server] - 2026-05-24T11:17:43.176Z - Handled REQUEST_PROJECT_GRAPH. Handling time: 14. Response time: 1.
[NX v21.6.11 Daemon Server] - 2026-05-24T11:17:43.178Z - [REQUEST]: Responding to the client. handleMultiGlob
[NX v21.6.11 Daemon Server] - 2026-05-24T11:17:43.178Z - Done responding to the client handleMultiGlob
[NX v21.6.11 Daemon Server] - 2026-05-24T11:17:43.178Z - Handled MULTI_GLOB. Handling time: 1. Response time: 0.
[NX v21.6.11 Daemon Server] - 2026-05-24T11:17:43.191Z - [REQUEST]: Responding to the client. handleGlob
[NX v21.6.11 Daemon Server] - 2026-05-24T11:17:43.191Z - Done responding to the client handleGlob
[NX v21.6.11 Daemon Server] - 2026-05-24T11:17:43.192Z - Handled GLOB. Handling time: 2. Response time: 1.
[NX v21.6.11 Daemon Server] - 2026-05-24T11:17:43.203Z - [REQUEST]: Responding to the client. handleHashMultiGlob
[NX v21.6.11 Daemon Server] - 2026-05-24T11:17:43.203Z - Done responding to the client handleHashMultiGlob
[NX v21.6.11 Daemon Server] - 2026-05-24T11:17:43.203Z - Handled HASH_GLOB. Handling time: 4. Response time: 0.
[NX v21.6.11 Daemon Server] - 2026-05-24T11:17:44.886Z - [REQUEST]: Responding to the client. handleMultiGlob
[NX v21.6.11 Daemon Server] - 2026-05-24T11:17:44.887Z - Done responding to the client handleMultiGlob
[NX v21.6.11 Daemon Server] - 2026-05-24T11:17:44.887Z - Handled MULTI_GLOB. Handling time: 1. Response time: 1.
[NX v21.6.11 Daemon Server] - 2026-05-24T11:17:44.895Z - [REQUEST]: Responding to the client. handleGlob
[NX v21.6.11 Daemon Server] - 2026-05-24T11:17:44.896Z - Done responding to the client handleGlob
[NX v21.6.11 Daemon Server] - 2026-05-24T11:17:44.896Z - Handled GLOB. Handling time: 1. Response time: 1.
[NX v21.6.11 Daemon Server] - 2026-05-24T11:17:44.903Z - [REQUEST]: Responding to the client. handleHashMultiGlob
[NX v21.6.11 Daemon Server] - 2026-05-24T11:17:44.903Z - Done responding to the client handleHashMultiGlob
[NX v21.6.11 Daemon Server] - 2026-05-24T11:17:44.903Z - Handled HASH_GLOB. Handling time: 4. Response time: 0.
[NX v21.6.11 Daemon Server] - 2026-05-24T11:17:45.058Z - [REQUEST]: Client Request for Project Graph Received
[NX v21.6.11 Daemon Server] - 2026-05-24T11:17:45.059Z - Reusing in-memory cached project graph because no files changed.
[NX v21.6.11 Daemon Server] - 2026-05-24T11:17:45.072Z - Wrote project graph cache to E:\www\projet creat projet 2026-01\--projets--\THI-V01-child-user3\.nx\workspace-data\project-graph.json
[NX v21.6.11 Daemon Server] - 2026-05-24T11:17:45.072Z - [REQUEST]: Responding to the client. project-graph
[NX v21.6.11 Daemon Server] - 2026-05-24T11:17:45.073Z - Time taken for 'total for creating and serializing project graph' 13.838799999997718ms
[NX v21.6.11 Daemon Server] - 2026-05-24T11:17:45.073Z - Done responding to the client project-graph
[NX v21.6.11 Daemon Server] - 2026-05-24T11:17:45.073Z - Handled REQUEST_PROJECT_GRAPH. Handling time: 14. Response time: 1.
[NX v21.6.11 Daemon Server] - 2026-05-24T11:17:45.940Z - [WATCHER]: Processing file changes in outputs
[NX v21.6.11 Daemon Server] - 2026-05-24T11:17:45.942Z - [WATCHER]: 0 file(s) created or restored, 26 file(s) modified, 0 file(s) deleted
Time for 'nx/js/dependencies-and-lockfile:createNodes' 0.08690000000206055
[NX v21.6.11 Daemon Server] - 2026-05-24T11:17:46.079Z - Closed a connection. Number of open connections: 2
Time for 'nx/core/package-json:createNodes' 1.7673999999969965
Time for 'nx/core/project-json:createNodes' 1.6699999999982538
Unable to find local plugin [] Map(0) {}
E:\www\projet creat projet 2026-01\--projets--\THI-V01-child-user3\node_modules\nx\src\project-graph\plugins\resolve-plugin.js:119
    throw new Error('Unable to resolve local plugin with import path ' + importPath);
          ^

Error: Unable to resolve local plugin with import path @nx/playwright/plugin
    at findNxProjectForImportPath (E:\www\projet creat projet 2026-01\--projets--\THI-V01-child-user3\node_modules\nx\src\project-graph\plugins\resolve-plugin.js:119:11)
    at lookupLocalPlugin (E:\www\projet creat projet 2026-01\--projets--\THI-V01-child-user3\node_modules\nx\src\project-graph\plugins\resolve-plugin.js:79:27)
    at resolveLocalNxPlugin (E:\www\projet creat projet 2026-01\--projets--\THI-V01-child-user3\node_modules\nx\src\project-graph\plugins\resolve-plugin.js:42:12)
    at getPluginPathAndName (E:\www\projet creat projet 2026-01\--projets--\THI-V01-child-user3\node_modules\nx\src\project-graph\plugins\resolve-plugin.js:56:28)
    at resolveNxPlugin (E:\www\projet creat projet 2026-01\--projets--\THI-V01-child-user3\node_modules\nx\src\project-graph\plugins\resolve-plugin.js:25:62)
    at process.processTicksAndRejections (node:internal/process/task_queues:105:5)
    at async loadRemoteNxPlugin (E:\www\projet creat projet 2026-01\--projets--\THI-V01-child-user3\node_modules\nx\src\project-graph\plugins\isolation\plugin-pool.js:34:62)
    at async E:\www\projet creat projet 2026-01\--projets--\THI-V01-child-user3\node_modules\nx\src\project-graph\plugins\get-plugins.js:119:52
    at async Promise.all (index 1)
    at async loadSpecifiedNxPlugins (E:\www\projet creat projet 2026-01\--projets--\THI-V01-child-user3\node_modules\nx\src\project-graph\plugins\get-plugins.js:116:9)

Node.js v22.19.0
Time for 'plugin worker 38204 code loading' 7.547000000000001
Time for 'plugin worker 43696 code loading' 6.284799999999997
The plugin worker is exiting as it was not connected to within 5 seconds.
The plugin worker is exiting as it was not connected to within 5 seconds.
